<?xml version="1.0" encoding="UTF-8"?>
<!-- Generated by org.testng.reporters.JUnitXMLReporter -->
<testsuite ignored="22" hostname="LauraAndrade" failures="6" tests="10" name="Default test(failed)" time="590.449" errors="0" timestamp="24 ago. 2021 14:32:46 GMT">
  <testcase classname="test.Test_Reporteria" name="Script_01277" time="57.099">
    <failure type="java.lang.AssertionError" message="Se verifica resultado del test DEC_1277 expected [FLUJO OK] but found [FLUJO NOOK]">
      <![CDATA[java.lang.AssertionError: Se verifica resultado del test DEC_1277 expected [FLUJO OK] but found [FLUJO NOOK]
at test.Test_Reporteria.Script_01277(Test_Reporteria.java:1949)
... Removed 30 stack frames]]>
    </failure>
  </testcase> <!-- Script_01277 -->
  <testcase classname="test.Test_Reporteria" name="Script_01259" time="62.371"/>
  <testcase classname="test.Test_Reporteria" name="Script_01270" time="52.301">
    <failure type="java.lang.AssertionError" message="Se verifica resultado del test DEC_1270 expected [FLUJO OK] but found [FLUJO NOOK]">
      <![CDATA[java.lang.AssertionError: Se verifica resultado del test DEC_1270 expected [FLUJO OK] but found [FLUJO NOOK]
at test.Test_Reporteria.Script_01270(Test_Reporteria.java:1411)
... Removed 30 stack frames]]>
    </failure>
  </testcase> <!-- Script_01270 -->
  <testcase classname="test.Test_Reporteria" name="Script_01280" time="52.298">
    <failure type="java.lang.AssertionError" message="Se verifica resultado del test DEC_1280 expected [FLUJO OK] but found [FLUJO NOOK]">
      <![CDATA[java.lang.AssertionError: Se verifica resultado del test DEC_1280 expected [FLUJO OK] but found [FLUJO NOOK]
at test.Test_Reporteria.Script_01280(Test_Reporteria.java:2185)
... Removed 30 stack frames]]>
    </failure>
  </testcase> <!-- Script_01280 -->
  <testcase classname="test.Test_Reporteria" name="Script_01261" time="61.746"/>
  <testcase classname="test.Test_Reporteria" name="Script_01283" time="50.756">
    <failure type="java.lang.AssertionError" message="Se verifica resultado del test DEC_1283 expected [FLUJO OK] but found [FLUJO NOOK]">
      <![CDATA[java.lang.AssertionError: Se verifica resultado del test DEC_1283 expected [FLUJO OK] but found [FLUJO NOOK]
at test.Test_Reporteria.Script_01283(Test_Reporteria.java:2421)
... Removed 30 stack frames]]>
    </failure>
  </testcase> <!-- Script_01283 -->
  <testcase classname="test.Test_Reporteria" name="Script_01284" time="61.32"/>
  <testcase classname="test.Test_Reporteria" name="Script_01257" time="54.135">
    <failure type="java.lang.AssertionError" message="Se verifica resultado del test DEC_1257 expected [FLUJO OK] but found [FLUJO NOOK]">
      <![CDATA[java.lang.AssertionError: Se verifica resultado del test DEC_1257 expected [FLUJO OK] but found [FLUJO NOOK]
at test.Test_Reporteria.Script_01257(Test_Reporteria.java:395)
... Removed 30 stack frames]]>
    </failure>
  </testcase> <!-- Script_01257 -->
  <testcase classname="test.Test_Reporteria" name="Script_01254" time="37.239">
    <failure type="org.openqa.selenium.NoSuchElementException" message="no such element: Unable to locate element: {&amp;quot;method&amp;quot;:&amp;quot;xpath&amp;quot;,&amp;quot;selector&amp;quot;:&amp;quot;//*[@id=&amp;quot;form_params&amp;quot;]/div[1]/h3&amp;quot;}
  (Session info: chrome=92.0.4515.159)
For documentation on this error, please visit: http://seleniumhq.org/exceptions/no_such_element.html
Build info: version: &amp;apos;3.11.0&amp;apos;, revision: &amp;apos;e59cfb3&amp;apos;, time: &amp;apos;2018-03-11T20:26:55.152Z&amp;apos;
System info: host: &amp;apos;LAURAANDRADE&amp;apos;, ip: &amp;apos;172.16.8.137&amp;apos;, os.name: &amp;apos;Windows 10&amp;apos;, os.arch: &amp;apos;amd64&amp;apos;, os.version: &amp;apos;10.0&amp;apos;, java.version: &amp;apos;15.0.2&amp;apos;
Driver info: org.openqa.selenium.chrome.ChromeDriver
Capabilities {acceptInsecureCerts: false, browserName: chrome, browserVersion: 92.0.4515.159, chrome: {chromedriverVersion: 92.0.4515.43 (8c61b7e2989f2..., userDataDir: C:\Users\LAURAA~1\AppData\L...}, goog:chromeOptions: {debuggerAddress: localhost:64481}, javascriptEnabled: true, networkConnectionEnabled: false, pageLoadStrategy: normal, platform: WINDOWS, platformName: WINDOWS, proxy: Proxy(), setWindowRect: true, strictFileInteractability: false, timeouts: {implicit: 0, pageLoad: 300000, script: 30000}, unhandledPromptBehavior: dismiss and notify, webauthn:extension:credBlob: true, webauthn:extension:largeBlob: true, webauthn:virtualAuthenticators: true}
Session ID: c7343e5eda32439963db0a18bc8aa060
*** Element info: {Using=xpath, value=//*[@id=&amp;quot;form_params&amp;quot;]/div[1]/h3}">
      <![CDATA[org.openqa.selenium.NoSuchElementException: no such element: Unable to locate element: {"method":"xpath","selector":"//*[@id="form_params"]/div[1]/h3"}
  (Session info: chrome=92.0.4515.159)
For documentation on this error, please visit: http://seleniumhq.org/exceptions/no_such_element.html
Build info: version: '3.11.0', revision: 'e59cfb3', time: '2018-03-11T20:26:55.152Z'
System info: host: 'LAURAANDRADE', ip: '172.16.8.137', os.name: 'Windows 10', os.arch: 'amd64', os.version: '10.0', java.version: '15.0.2'
Driver info: org.openqa.selenium.chrome.ChromeDriver
Capabilities {acceptInsecureCerts: false, browserName: chrome, browserVersion: 92.0.4515.159, chrome: {chromedriverVersion: 92.0.4515.43 (8c61b7e2989f2..., userDataDir: C:\Users\LAURAA~1\AppData\L...}, goog:chromeOptions: {debuggerAddress: localhost:64481}, javascriptEnabled: true, networkConnectionEnabled: false, pageLoadStrategy: normal, platform: WINDOWS, platformName: WINDOWS, proxy: Proxy(), setWindowRect: true, strictFileInteractability: false, timeouts: {implicit: 0, pageLoad: 300000, script: 30000}, unhandledPromptBehavior: dismiss and notify, webauthn:extension:credBlob: true, webauthn:extension:largeBlob: true, webauthn:virtualAuthenticators: true}
Session ID: c7343e5eda32439963db0a18bc8aa060
*** Element info: {Using=xpath, value=//*[@id="form_params"]/div[1]/h3}
at org.openqa.selenium.remote.http.W3CHttpResponseCodec.createException(W3CHttpResponseCodec.java:187)
at org.openqa.selenium.remote.http.W3CHttpResponseCodec.decode(W3CHttpResponseCodec.java:122)
at org.openqa.selenium.remote.http.W3CHttpResponseCodec.decode(W3CHttpResponseCodec.java:49)
at org.openqa.selenium.remote.HttpCommandExecutor.execute(HttpCommandExecutor.java:158)
at org.openqa.selenium.remote.service.DriverCommandExecutor.execute(DriverCommandExecutor.java:83)
at org.openqa.selenium.remote.RemoteWebDriver.execute(RemoteWebDriver.java:545)
at org.openqa.selenium.remote.RemoteWebDriver.findElement(RemoteWebDriver.java:319)
at org.openqa.selenium.remote.RemoteWebDriver.findElementByXPath(RemoteWebDriver.java:421)
at org.openqa.selenium.By$ByXPath.findElement(By.java:361)
at org.openqa.selenium.remote.RemoteWebDriver.findElement(RemoteWebDriver.java:311)
at test.Test_Reporteria.Script_01254(Test_Reporteria.java:97)
... Removed 30 stack frames]]>
    </failure>
  </testcase> <!-- Script_01254 -->
  <testcase classname="test.Test_Reporteria" name="Script_01276" time="65.788"/>
  <testcase classname="test.Test_Reporteria" name="Script_01258" time="0.0">
    <ignored/>
  </testcase> <!-- Script_01258 -->
  <testcase classname="test.Test_Reporteria" name="Script_01269" time="0.0">
    <ignored/>
  </testcase> <!-- Script_01269 -->
  <testcase classname="test.Test_Reporteria" name="Script_01266" time="0.0">
    <ignored/>
  </testcase> <!-- Script_01266 -->
  <testcase classname="test.Test_Reporteria" name="Script_01255" time="0.0">
    <ignored/>
  </testcase> <!-- Script_01255 -->
  <testcase classname="test.Test_Reporteria" name="Script_01281" time="0.0">
    <ignored/>
  </testcase> <!-- Script_01281 -->
  <testcase classname="test.Test_Reporteria" name="Script_01260" time="0.0">
    <ignored/>
  </testcase> <!-- Script_01260 -->
  <testcase classname="test.Test_Reporteria" name="Script_01282" time="0.0">
    <ignored/>
  </testcase> <!-- Script_01282 -->
  <testcase classname="test.Test_Reporteria" name="Script_01271" time="0.0">
    <ignored/>
  </testcase> <!-- Script_01271 -->
  <testcase classname="test.Test_Reporteria" name="Script_01263" time="0.0">
    <ignored/>
  </testcase> <!-- Script_01263 -->
  <testcase classname="test.Test_Reporteria" name="Script_01285" time="0.0">
    <ignored/>
  </testcase> <!-- Script_01285 -->
  <testcase classname="test.Test_Reporteria" name="Script_01274" time="0.0">
    <ignored/>
  </testcase> <!-- Script_01274 -->
  <testcase classname="test.Test_Reporteria" name="Script_01264" time="0.0">
    <ignored/>
  </testcase> <!-- Script_01264 -->
  <testcase classname="test.Test_Reporteria" name="Script_01275" time="0.0">
    <ignored/>
  </testcase> <!-- Script_01275 -->
  <testcase classname="test.Test_Reporteria" name="Script_01272" time="0.0">
    <ignored/>
  </testcase> <!-- Script_01272 -->
  <testcase classname="test.Test_Reporteria" name="Script_01262" time="0.0">
    <ignored/>
  </testcase> <!-- Script_01262 -->
  <testcase classname="test.Test_Reporteria" name="Script_01273" time="0.0">
    <ignored/>
  </testcase> <!-- Script_01273 -->
  <testcase classname="test.Test_Reporteria" name="Script_01267" time="0.0">
    <ignored/>
  </testcase> <!-- Script_01267 -->
  <testcase classname="test.Test_Reporteria" name="Script_01256" time="0.0">
    <ignored/>
  </testcase> <!-- Script_01256 -->
  <testcase classname="test.Test_Reporteria" name="Script_01278" time="0.0">
    <ignored/>
  </testcase> <!-- Script_01278 -->
  <testcase classname="test.Test_Reporteria" name="Script_01268" time="0.0">
    <ignored/>
  </testcase> <!-- Script_01268 -->
  <testcase classname="test.Test_Reporteria" name="Script_01279" time="0.0">
    <ignored/>
  </testcase> <!-- Script_01279 -->
  <testcase classname="test.Test_Reporteria" name="Script_01265" time="0.0">
    <ignored/>
  </testcase> <!-- Script_01265 -->
</testsuite> <!-- Default test(failed) -->
