<?xml version="1.0" encoding="UTF-8"?>
<!-- Generated by org.testng.reporters.JUnitXMLReporter -->
<testsuite ignored="31" hostname="LauraAndrade" failures="1" tests="1" name="Default test" time="67.139" errors="0" timestamp="14 oct. 2021 18:56:58 GMT">
  <testcase classname="test.Test_CrearDocumento" name="Script_1219" time="64.932">
    <failure type="org.openqa.selenium.NoSuchElementException" message="no such element: Unable to locate element: {&amp;quot;method&amp;quot;:&amp;quot;xpath&amp;quot;,&amp;quot;selector&amp;quot;:&amp;quot;/html/body/div[1]/div[2]/div/div/div[1]/div/div/div&amp;quot;}
  (Session info: chrome=94.0.4606.81)
For documentation on this error, please visit: http://seleniumhq.org/exceptions/no_such_element.html
Build info: version: &amp;apos;3.11.0&amp;apos;, revision: &amp;apos;e59cfb3&amp;apos;, time: &amp;apos;2018-03-11T20:26:55.152Z&amp;apos;
System info: host: &amp;apos;LAURAANDRADE&amp;apos;, ip: &amp;apos;172.16.8.143&amp;apos;, os.name: &amp;apos;Windows 10&amp;apos;, os.arch: &amp;apos;amd64&amp;apos;, os.version: &amp;apos;10.0&amp;apos;, java.version: &amp;apos;15.0.2&amp;apos;
Driver info: org.openqa.selenium.chrome.ChromeDriver
Capabilities {acceptInsecureCerts: false, browserName: chrome, browserVersion: 94.0.4606.81, chrome: {chromedriverVersion: 94.0.4606.61 (418b78f5838ed..., userDataDir: C:\Users\LAURAA~1\AppData\L...}, goog:chromeOptions: {debuggerAddress: localhost:50489}, javascriptEnabled: true, networkConnectionEnabled: false, pageLoadStrategy: normal, platform: WINDOWS, platformName: WINDOWS, proxy: Proxy(), setWindowRect: true, strictFileInteractability: false, timeouts: {implicit: 0, pageLoad: 300000, script: 30000}, unhandledPromptBehavior: dismiss and notify, webauthn:extension:credBlob: true, webauthn:extension:largeBlob: true, webauthn:virtualAuthenticators: true}
Session ID: 26a90cbc96d54b0961e19b4bd1112c62
*** Element info: {Using=xpath, value=/html/body/div[1]/div[2]/div/div/div[1]/div/div/div}">
      <![CDATA[org.openqa.selenium.NoSuchElementException: no such element: Unable to locate element: {"method":"xpath","selector":"/html/body/div[1]/div[2]/div/div/div[1]/div/div/div"}
  (Session info: chrome=94.0.4606.81)
For documentation on this error, please visit: http://seleniumhq.org/exceptions/no_such_element.html
Build info: version: '3.11.0', revision: 'e59cfb3', time: '2018-03-11T20:26:55.152Z'
System info: host: 'LAURAANDRADE', ip: '172.16.8.143', os.name: 'Windows 10', os.arch: 'amd64', os.version: '10.0', java.version: '15.0.2'
Driver info: org.openqa.selenium.chrome.ChromeDriver
Capabilities {acceptInsecureCerts: false, browserName: chrome, browserVersion: 94.0.4606.81, chrome: {chromedriverVersion: 94.0.4606.61 (418b78f5838ed..., userDataDir: C:\Users\LAURAA~1\AppData\L...}, goog:chromeOptions: {debuggerAddress: localhost:50489}, javascriptEnabled: true, networkConnectionEnabled: false, pageLoadStrategy: normal, platform: WINDOWS, platformName: WINDOWS, proxy: Proxy(), setWindowRect: true, strictFileInteractability: false, timeouts: {implicit: 0, pageLoad: 300000, script: 30000}, unhandledPromptBehavior: dismiss and notify, webauthn:extension:credBlob: true, webauthn:extension:largeBlob: true, webauthn:virtualAuthenticators: true}
Session ID: 26a90cbc96d54b0961e19b4bd1112c62
*** Element info: {Using=xpath, value=/html/body/div[1]/div[2]/div/div/div[1]/div/div/div}
at java.base/jdk.internal.reflect.NativeConstructorAccessorImpl.newInstance0(Native Method)
at java.base/jdk.internal.reflect.NativeConstructorAccessorImpl.newInstance(NativeConstructorAccessorImpl.java:64)
at java.base/jdk.internal.reflect.DelegatingConstructorAccessorImpl.newInstance(DelegatingConstructorAccessorImpl.java:45)
at java.base/java.lang.reflect.Constructor.newInstanceWithCaller(Constructor.java:500)
at java.base/java.lang.reflect.Constructor.newInstance(Constructor.java:481)
at org.openqa.selenium.remote.http.W3CHttpResponseCodec.createException(W3CHttpResponseCodec.java:187)
at org.openqa.selenium.remote.http.W3CHttpResponseCodec.decode(W3CHttpResponseCodec.java:122)
at org.openqa.selenium.remote.http.W3CHttpResponseCodec.decode(W3CHttpResponseCodec.java:49)
at org.openqa.selenium.remote.HttpCommandExecutor.execute(HttpCommandExecutor.java:158)
at org.openqa.selenium.remote.service.DriverCommandExecutor.execute(DriverCommandExecutor.java:83)
at org.openqa.selenium.remote.RemoteWebDriver.execute(RemoteWebDriver.java:545)
at org.openqa.selenium.remote.RemoteWebDriver.findElement(RemoteWebDriver.java:319)
at org.openqa.selenium.remote.RemoteWebDriver.findElementByXPath(RemoteWebDriver.java:421)
at org.openqa.selenium.By$ByXPath.findElement(By.java:361)
at org.openqa.selenium.remote.RemoteWebDriver.findElement(RemoteWebDriver.java:311)
at test.Test_CrearDocumento.Script_1219(Test_CrearDocumento.java:1669)
at java.base/jdk.internal.reflect.NativeMethodAccessorImpl.invoke0(Native Method)
at java.base/jdk.internal.reflect.NativeMethodAccessorImpl.invoke(NativeMethodAccessorImpl.java:64)
at java.base/jdk.internal.reflect.DelegatingMethodAccessorImpl.invoke(DelegatingMethodAccessorImpl.java:43)
at java.base/java.lang.reflect.Method.invoke(Method.java:564)
at org.testng.internal.MethodInvocationHelper.invokeMethod(MethodInvocationHelper.java:124)
at org.testng.internal.Invoker.invokeMethod(Invoker.java:580)
at org.testng.internal.Invoker.invokeTestMethod(Invoker.java:716)
at org.testng.internal.Invoker.invokeTestMethods(Invoker.java:988)
at org.testng.internal.TestMethodWorker.invokeTestMethods(TestMethodWorker.java:125)
at org.testng.internal.TestMethodWorker.run(TestMethodWorker.java:109)
at org.testng.TestRunner.privateRun(TestRunner.java:648)
at org.testng.TestRunner.run(TestRunner.java:505)
at org.testng.SuiteRunner.runTest(SuiteRunner.java:455)
at org.testng.SuiteRunner.runSequentially(SuiteRunner.java:450)
at org.testng.SuiteRunner.privateRun(SuiteRunner.java:415)
at org.testng.SuiteRunner.run(SuiteRunner.java:364)
at org.testng.SuiteRunnerWorker.runSuite(SuiteRunnerWorker.java:52)
at org.testng.SuiteRunnerWorker.run(SuiteRunnerWorker.java:84)
at org.testng.TestNG.runSuitesSequentially(TestNG.java:1208)
at org.testng.TestNG.runSuitesLocally(TestNG.java:1137)
at org.testng.TestNG.runSuites(TestNG.java:1049)
at org.testng.TestNG.run(TestNG.java:1017)
at org.testng.remote.AbstractRemoteTestNG.run(AbstractRemoteTestNG.java:115)
at org.testng.remote.RemoteTestNG.initAndRun(RemoteTestNG.java:251)
at org.testng.remote.RemoteTestNG.main(RemoteTestNG.java:77)
]]>
    </failure>
  </testcase> <!-- Script_1219 -->
  <testcase classname="test.Test_CrearDocumento" name="Script_1194" time="0.0">
    <ignored/>
  </testcase> <!-- Script_1194 -->
  <testcase classname="test.Test_CrearDocumento" name="Script_1171" time="0.0">
    <ignored/>
  </testcase> <!-- Script_1171 -->
  <testcase classname="test.Test_CrearDocumento" name="Script_1190" time="0.0">
    <ignored/>
  </testcase> <!-- Script_1190 -->
  <testcase classname="test.Test_CrearDocumento" name="Script_1192" time="0.0">
    <ignored/>
  </testcase> <!-- Script_1192 -->
  <testcase classname="test.Test_CrearDocumento" name="Script_1218" time="0.0">
    <ignored/>
  </testcase> <!-- Script_1218 -->
  <testcase classname="test.Test_CrearDocumento" name="Script_1214" time="0.0">
    <ignored/>
  </testcase> <!-- Script_1214 -->
  <testcase classname="test.Test_CrearDocumento" name="Script_1213" time="0.0">
    <ignored/>
  </testcase> <!-- Script_1213 -->
  <testcase classname="test.Test_CrearDocumento" name="Script_1177" time="0.0">
    <ignored/>
  </testcase> <!-- Script_1177 -->
  <testcase classname="test.Test_CrearDocumento" name="Script_1199" time="0.0">
    <ignored/>
  </testcase> <!-- Script_1199 -->
  <testcase classname="test.Test_CrearDocumento" name="Script_1210" time="0.0">
    <ignored/>
  </testcase> <!-- Script_1210 -->
  <testcase classname="test.Test_CrearDocumento" name="Script_1215" time="0.0">
    <ignored/>
  </testcase> <!-- Script_1215 -->
  <testcase classname="test.Test_CrearDocumento" name="Script_1212" time="0.0">
    <ignored/>
  </testcase> <!-- Script_1212 -->
  <testcase classname="test.Test_CrearDocumento" name="Script_1176" time="0.0">
    <ignored/>
  </testcase> <!-- Script_1176 -->
  <testcase classname="test.Test_CrearDocumento" name="Script_1198" time="0.0">
    <ignored/>
  </testcase> <!-- Script_1198 -->
  <testcase classname="test.Test_CrearDocumento" name="Script_1178" time="0.0">
    <ignored/>
  </testcase> <!-- Script_1178 -->
  <testcase classname="test.Test_CrearDocumento" name="Script_1211" time="0.0">
    <ignored/>
  </testcase> <!-- Script_1211 -->
  <testcase classname="test.Test_CrearDocumento" name="Script_1175" time="0.0">
    <ignored/>
  </testcase> <!-- Script_1175 -->
  <testcase classname="test.Test_CrearDocumento" name="Script_1197" time="0.0">
    <ignored/>
  </testcase> <!-- Script_1197 -->
  <testcase classname="test.Test_CrearDocumento" name="Script_1183" time="0.0">
    <ignored/>
  </testcase> <!-- Script_1183 -->
  <testcase classname="test.Test_CrearDocumento" name="Script_1180" time="0.0">
    <ignored/>
  </testcase> <!-- Script_1180 -->
  <testcase classname="test.Test_CrearDocumento" name="Script_1185" time="0.0">
    <ignored/>
  </testcase> <!-- Script_1185 -->
  <testcase classname="test.Test_CrearDocumento" name="Script_1209" time="0.0">
    <ignored/>
  </testcase> <!-- Script_1209 -->
  <testcase classname="test.Test_CrearDocumento" name="Script_1206" time="0.0">
    <ignored/>
  </testcase> <!-- Script_1206 -->
  <testcase classname="test.Test_CrearDocumento" name="Script_1203" time="0.0">
    <ignored/>
  </testcase> <!-- Script_1203 -->
  <testcase classname="test.Test_CrearDocumento" name="Script_1208" time="0.0">
    <ignored/>
  </testcase> <!-- Script_1208 -->
  <testcase classname="test.Test_CrearDocumento" name="Script_1205" time="0.0">
    <ignored/>
  </testcase> <!-- Script_1205 -->
  <testcase classname="test.Test_CrearDocumento" name="Script_1204" time="0.0">
    <ignored/>
  </testcase> <!-- Script_1204 -->
  <testcase classname="test.Test_CrearDocumento" name="Script_1187" time="0.0">
    <ignored/>
  </testcase> <!-- Script_1187 -->
  <testcase classname="test.Test_CrearDocumento" name="Script_1220" time="0.0">
    <ignored/>
  </testcase> <!-- Script_1220 -->
  <testcase classname="test.Test_CrearDocumento" name="Script_1184" time="0.0">
    <ignored/>
  </testcase> <!-- Script_1184 -->
  <testcase classname="test.Test_CrearDocumento" name="Script_1189" time="0.0">
    <ignored/>
  </testcase> <!-- Script_1189 -->
</testsuite> <!-- Default test -->
