<?xml version="1.0" encoding="UTF-8"?>
<!-- Generated by org.testng.reporters.JUnitXMLReporter -->
<testsuite ignored="26" hostname="LauraAndrade" failures="2" tests="6" name="Default test(failed)(failed)" time="408.643" errors="0" timestamp="22 sept. 2021 15:21:40 GMT">
  <testcase classname="test.Test_CrearDocumento" name="Script_1183" time="52.372"/>
  <testcase classname="test.Test_CrearDocumento" name="Script_1213" time="102.019"/>
  <testcase classname="test.Test_CrearDocumento" name="Script_1176" time="44.233">
    <failure type="org.openqa.selenium.NoSuchElementException" message="no such element: Unable to locate element: {&amp;quot;method&amp;quot;:&amp;quot;xpath&amp;quot;,&amp;quot;selector&amp;quot;:&amp;quot;/html/body/div[1]/div[1]/div/nav/div/ul/li[1]/div/button&amp;quot;}
  (Session info: chrome=93.0.4577.82)
For documentation on this error, please visit: http://seleniumhq.org/exceptions/no_such_element.html
Build info: version: &amp;apos;3.11.0&amp;apos;, revision: &amp;apos;e59cfb3&amp;apos;, time: &amp;apos;2018-03-11T20:26:55.152Z&amp;apos;
System info: host: &amp;apos;LAURAANDRADE&amp;apos;, ip: &amp;apos;172.16.8.209&amp;apos;, os.name: &amp;apos;Windows 10&amp;apos;, os.arch: &amp;apos;amd64&amp;apos;, os.version: &amp;apos;10.0&amp;apos;, java.version: &amp;apos;15.0.2&amp;apos;
Driver info: org.openqa.selenium.chrome.ChromeDriver
Capabilities {acceptInsecureCerts: false, browserName: chrome, browserVersion: 93.0.4577.82, chrome: {chromedriverVersion: 92.0.4515.43 (8c61b7e2989f2..., userDataDir: C:\Users\LAURAA~1\AppData\L...}, goog:chromeOptions: {debuggerAddress: localhost:64133}, javascriptEnabled: true, networkConnectionEnabled: false, pageLoadStrategy: normal, platform: WINDOWS, platformName: WINDOWS, proxy: Proxy(), setWindowRect: true, strictFileInteractability: false, timeouts: {implicit: 0, pageLoad: 300000, script: 30000}, unhandledPromptBehavior: dismiss and notify, webauthn:extension:credBlob: true, webauthn:extension:largeBlob: true, webauthn:virtualAuthenticators: true}
Session ID: 6444fa6e722f74f51d66b46f2c8fe8bd
*** Element info: {Using=xpath, value=/html/body/div[1]/div[1]/div/nav/div/ul/li[1]/div/button}">
      <![CDATA[org.openqa.selenium.NoSuchElementException: no such element: Unable to locate element: {"method":"xpath","selector":"/html/body/div[1]/div[1]/div/nav/div/ul/li[1]/div/button"}
  (Session info: chrome=93.0.4577.82)
For documentation on this error, please visit: http://seleniumhq.org/exceptions/no_such_element.html
Build info: version: '3.11.0', revision: 'e59cfb3', time: '2018-03-11T20:26:55.152Z'
System info: host: 'LAURAANDRADE', ip: '172.16.8.209', os.name: 'Windows 10', os.arch: 'amd64', os.version: '10.0', java.version: '15.0.2'
Driver info: org.openqa.selenium.chrome.ChromeDriver
Capabilities {acceptInsecureCerts: false, browserName: chrome, browserVersion: 93.0.4577.82, chrome: {chromedriverVersion: 92.0.4515.43 (8c61b7e2989f2..., userDataDir: C:\Users\LAURAA~1\AppData\L...}, goog:chromeOptions: {debuggerAddress: localhost:64133}, javascriptEnabled: true, networkConnectionEnabled: false, pageLoadStrategy: normal, platform: WINDOWS, platformName: WINDOWS, proxy: Proxy(), setWindowRect: true, strictFileInteractability: false, timeouts: {implicit: 0, pageLoad: 300000, script: 30000}, unhandledPromptBehavior: dismiss and notify, webauthn:extension:credBlob: true, webauthn:extension:largeBlob: true, webauthn:virtualAuthenticators: true}
Session ID: 6444fa6e722f74f51d66b46f2c8fe8bd
*** Element info: {Using=xpath, value=/html/body/div[1]/div[1]/div/nav/div/ul/li[1]/div/button}
at org.openqa.selenium.remote.http.W3CHttpResponseCodec.createException(W3CHttpResponseCodec.java:187)
at org.openqa.selenium.remote.http.W3CHttpResponseCodec.decode(W3CHttpResponseCodec.java:122)
at org.openqa.selenium.remote.http.W3CHttpResponseCodec.decode(W3CHttpResponseCodec.java:49)
at org.openqa.selenium.remote.HttpCommandExecutor.execute(HttpCommandExecutor.java:158)
at org.openqa.selenium.remote.service.DriverCommandExecutor.execute(DriverCommandExecutor.java:83)
at org.openqa.selenium.remote.RemoteWebDriver.execute(RemoteWebDriver.java:545)
at org.openqa.selenium.remote.RemoteWebDriver.findElement(RemoteWebDriver.java:319)
at org.openqa.selenium.remote.RemoteWebDriver.findElementByXPath(RemoteWebDriver.java:421)
at org.openqa.selenium.By$ByXPath.findElement(By.java:361)
at org.openqa.selenium.remote.RemoteWebDriver.findElement(RemoteWebDriver.java:311)
at pages.PageDec5.OpcionUserName(PageDec5.java:74)
at test.Test_CrearDocumento.Script_1176(Test_CrearDocumento.java:150)
... Removed 30 stack frames]]>
    </failure>
  </testcase> <!-- Script_1176 -->
  <testcase classname="test.Test_CrearDocumento" name="Script_1178" time="83.497"/>
  <testcase classname="test.Test_CrearDocumento" name="Script_1175" time="44.478">
    <failure type="org.openqa.selenium.NoSuchElementException" message="no such element: Unable to locate element: {&amp;quot;method&amp;quot;:&amp;quot;xpath&amp;quot;,&amp;quot;selector&amp;quot;:&amp;quot;/html/body/div[1]/div[1]/div/nav/div/ul/li[1]/div/button&amp;quot;}
  (Session info: chrome=93.0.4577.82)
For documentation on this error, please visit: http://seleniumhq.org/exceptions/no_such_element.html
Build info: version: &amp;apos;3.11.0&amp;apos;, revision: &amp;apos;e59cfb3&amp;apos;, time: &amp;apos;2018-03-11T20:26:55.152Z&amp;apos;
System info: host: &amp;apos;LAURAANDRADE&amp;apos;, ip: &amp;apos;172.16.8.209&amp;apos;, os.name: &amp;apos;Windows 10&amp;apos;, os.arch: &amp;apos;amd64&amp;apos;, os.version: &amp;apos;10.0&amp;apos;, java.version: &amp;apos;15.0.2&amp;apos;
Driver info: org.openqa.selenium.chrome.ChromeDriver
Capabilities {acceptInsecureCerts: false, browserName: chrome, browserVersion: 93.0.4577.82, chrome: {chromedriverVersion: 92.0.4515.43 (8c61b7e2989f2..., userDataDir: C:\Users\LAURAA~1\AppData\L...}, goog:chromeOptions: {debuggerAddress: localhost:60320}, javascriptEnabled: true, networkConnectionEnabled: false, pageLoadStrategy: normal, platform: WINDOWS, platformName: WINDOWS, proxy: Proxy(), setWindowRect: true, strictFileInteractability: false, timeouts: {implicit: 0, pageLoad: 300000, script: 30000}, unhandledPromptBehavior: dismiss and notify, webauthn:extension:credBlob: true, webauthn:extension:largeBlob: true, webauthn:virtualAuthenticators: true}
Session ID: 6c07b04331ae2c83238fe25d3a6c4c39
*** Element info: {Using=xpath, value=/html/body/div[1]/div[1]/div/nav/div/ul/li[1]/div/button}">
      <![CDATA[org.openqa.selenium.NoSuchElementException: no such element: Unable to locate element: {"method":"xpath","selector":"/html/body/div[1]/div[1]/div/nav/div/ul/li[1]/div/button"}
  (Session info: chrome=93.0.4577.82)
For documentation on this error, please visit: http://seleniumhq.org/exceptions/no_such_element.html
Build info: version: '3.11.0', revision: 'e59cfb3', time: '2018-03-11T20:26:55.152Z'
System info: host: 'LAURAANDRADE', ip: '172.16.8.209', os.name: 'Windows 10', os.arch: 'amd64', os.version: '10.0', java.version: '15.0.2'
Driver info: org.openqa.selenium.chrome.ChromeDriver
Capabilities {acceptInsecureCerts: false, browserName: chrome, browserVersion: 93.0.4577.82, chrome: {chromedriverVersion: 92.0.4515.43 (8c61b7e2989f2..., userDataDir: C:\Users\LAURAA~1\AppData\L...}, goog:chromeOptions: {debuggerAddress: localhost:60320}, javascriptEnabled: true, networkConnectionEnabled: false, pageLoadStrategy: normal, platform: WINDOWS, platformName: WINDOWS, proxy: Proxy(), setWindowRect: true, strictFileInteractability: false, timeouts: {implicit: 0, pageLoad: 300000, script: 30000}, unhandledPromptBehavior: dismiss and notify, webauthn:extension:credBlob: true, webauthn:extension:largeBlob: true, webauthn:virtualAuthenticators: true}
Session ID: 6c07b04331ae2c83238fe25d3a6c4c39
*** Element info: {Using=xpath, value=/html/body/div[1]/div[1]/div/nav/div/ul/li[1]/div/button}
at org.openqa.selenium.remote.http.W3CHttpResponseCodec.createException(W3CHttpResponseCodec.java:187)
at org.openqa.selenium.remote.http.W3CHttpResponseCodec.decode(W3CHttpResponseCodec.java:122)
at org.openqa.selenium.remote.http.W3CHttpResponseCodec.decode(W3CHttpResponseCodec.java:49)
at org.openqa.selenium.remote.HttpCommandExecutor.execute(HttpCommandExecutor.java:158)
at org.openqa.selenium.remote.service.DriverCommandExecutor.execute(DriverCommandExecutor.java:83)
at org.openqa.selenium.remote.RemoteWebDriver.execute(RemoteWebDriver.java:545)
at org.openqa.selenium.remote.RemoteWebDriver.findElement(RemoteWebDriver.java:319)
at org.openqa.selenium.remote.RemoteWebDriver.findElementByXPath(RemoteWebDriver.java:421)
at org.openqa.selenium.By$ByXPath.findElement(By.java:361)
at org.openqa.selenium.remote.RemoteWebDriver.findElement(RemoteWebDriver.java:311)
at pages.PageDec5.OpcionUserName(PageDec5.java:74)
at test.Test_CrearDocumento.Script_1175(Test_CrearDocumento.java:106)
... Removed 30 stack frames]]>
    </failure>
  </testcase> <!-- Script_1175 -->
  <testcase classname="test.Test_CrearDocumento" name="Script_1197" time="48.994"/>
  <testcase classname="test.Test_CrearDocumento" name="Script_1194" time="0.0">
    <ignored/>
  </testcase> <!-- Script_1194 -->
  <testcase classname="test.Test_CrearDocumento" name="Script_1171" time="0.0">
    <ignored/>
  </testcase> <!-- Script_1171 -->
  <testcase classname="test.Test_CrearDocumento" name="Script_1190" time="0.0">
    <ignored/>
  </testcase> <!-- Script_1190 -->
  <testcase classname="test.Test_CrearDocumento" name="Script_1192" time="0.0">
    <ignored/>
  </testcase> <!-- Script_1192 -->
  <testcase classname="test.Test_CrearDocumento" name="Script_1218" time="0.0">
    <ignored/>
  </testcase> <!-- Script_1218 -->
  <testcase classname="test.Test_CrearDocumento" name="Script_1214" time="0.0">
    <ignored/>
  </testcase> <!-- Script_1214 -->
  <testcase classname="test.Test_CrearDocumento" name="Script_1219" time="0.0">
    <ignored/>
  </testcase> <!-- Script_1219 -->
  <testcase classname="test.Test_CrearDocumento" name="Script_1177" time="0.0">
    <ignored/>
  </testcase> <!-- Script_1177 -->
  <testcase classname="test.Test_CrearDocumento" name="Script_1199" time="0.0">
    <ignored/>
  </testcase> <!-- Script_1199 -->
  <testcase classname="test.Test_CrearDocumento" name="Script_1210" time="0.0">
    <ignored/>
  </testcase> <!-- Script_1210 -->
  <testcase classname="test.Test_CrearDocumento" name="Script_1215" time="0.0">
    <ignored/>
  </testcase> <!-- Script_1215 -->
  <testcase classname="test.Test_CrearDocumento" name="Script_1212" time="0.0">
    <ignored/>
  </testcase> <!-- Script_1212 -->
  <testcase classname="test.Test_CrearDocumento" name="Script_1198" time="0.0">
    <ignored/>
  </testcase> <!-- Script_1198 -->
  <testcase classname="test.Test_CrearDocumento" name="Script_1211" time="0.0">
    <ignored/>
  </testcase> <!-- Script_1211 -->
  <testcase classname="test.Test_CrearDocumento" name="Script_1180" time="0.0">
    <ignored/>
  </testcase> <!-- Script_1180 -->
  <testcase classname="test.Test_CrearDocumento" name="Script_1185" time="0.0">
    <ignored/>
  </testcase> <!-- Script_1185 -->
  <testcase classname="test.Test_CrearDocumento" name="Script_1209" time="0.0">
    <ignored/>
  </testcase> <!-- Script_1209 -->
  <testcase classname="test.Test_CrearDocumento" name="Script_1206" time="0.0">
    <ignored/>
  </testcase> <!-- Script_1206 -->
  <testcase classname="test.Test_CrearDocumento" name="Script_1203" time="0.0">
    <ignored/>
  </testcase> <!-- Script_1203 -->
  <testcase classname="test.Test_CrearDocumento" name="Script_1208" time="0.0">
    <ignored/>
  </testcase> <!-- Script_1208 -->
  <testcase classname="test.Test_CrearDocumento" name="Script_1205" time="0.0">
    <ignored/>
  </testcase> <!-- Script_1205 -->
  <testcase classname="test.Test_CrearDocumento" name="Script_1204" time="0.0">
    <ignored/>
  </testcase> <!-- Script_1204 -->
  <testcase classname="test.Test_CrearDocumento" name="Script_1187" time="0.0">
    <ignored/>
  </testcase> <!-- Script_1187 -->
  <testcase classname="test.Test_CrearDocumento" name="Script_1220" time="0.0">
    <ignored/>
  </testcase> <!-- Script_1220 -->
  <testcase classname="test.Test_CrearDocumento" name="Script_1184" time="0.0">
    <ignored/>
  </testcase> <!-- Script_1184 -->
  <testcase classname="test.Test_CrearDocumento" name="Script_1189" time="0.0">
    <ignored/>
  </testcase> <!-- Script_1189 -->
</testsuite> <!-- Default test(failed)(failed) -->
