<?xml version="1.0" encoding="UTF-8"?>
<!-- Generated by org.testng.reporters.JUnitReportReporter -->
<<<<<<< HEAD
<testsuite hostname="LauraAndrade" failures="0" tests="150" name="test.Test_TiposDocumentos2" time="14556.682" errors="2" timestamp="25 ago. 2021 17:46:45 GMT" skipped="0">
  <testcase classname="test.Test_TiposDocumentos2" name="Script_0379" time="98.011">
    <error message="no such element: Unable to locate element: {&quot;method&quot;:&quot;xpath&quot;,&quot;selector&quot;:&quot;/html/body/div[1]/div[2]/div/div[1]/div/div&quot;}
  (Session info: chrome=92.0.4515.159)
For documentation on this error, please visit: http://seleniumhq.org/exceptions/no_such_element.html
Build info: version: &#039;3.11.0&#039;, revision: &#039;e59cfb3&#039;, time: &#039;2018-03-11T20:26:55.152Z&#039;
System info: host: &#039;LAURAANDRADE&#039;, ip: &#039;172.16.8.137&#039;, os.name: &#039;Windows 10&#039;, os.arch: &#039;amd64&#039;, os.version: &#039;10.0&#039;, java.version: &#039;15.0.2&#039;
Driver info: org.openqa.selenium.chrome.ChromeDriver
Capabilities {acceptInsecureCerts: false, browserName: chrome, browserVersion: 92.0.4515.159, chrome: {chromedriverVersion: 92.0.4515.43 (8c61b7e2989f2..., userDataDir: C:\Users\LAURAA~1\AppData\L...}, goog:chromeOptions: {debuggerAddress: localhost:53522}, javascriptEnabled: true, networkConnectionEnabled: false, pageLoadStrategy: normal, platform: WINDOWS, platformName: WINDOWS, proxy: Proxy(), setWindowRect: true, strictFileInteractability: false, timeouts: {implicit: 0, pageLoad: 300000, script: 30000}, unhandledPromptBehavior: dismiss and notify, webauthn:extension:credBlob: true, webauthn:extension:largeBlob: true, webauthn:virtualAuthenticators: true}
Session ID: 985cb7eb9a8a9bdee7efa8f3c916fe29
*** Element info: {Using=xpath, value=/html/body/div[1]/div[2]/div/div[1]/div/div}" type="org.openqa.selenium.NoSuchElementException">
      <![CDATA[org.openqa.selenium.NoSuchElementException: no such element: Unable to locate element: {"method":"xpath","selector":"/html/body/div[1]/div[2]/div/div[1]/div/div"}
  (Session info: chrome=92.0.4515.159)
For documentation on this error, please visit: http://seleniumhq.org/exceptions/no_such_element.html
Build info: version: '3.11.0', revision: 'e59cfb3', time: '2018-03-11T20:26:55.152Z'
System info: host: 'LAURAANDRADE', ip: '172.16.8.137', os.name: 'Windows 10', os.arch: 'amd64', os.version: '10.0', java.version: '15.0.2'
Driver info: org.openqa.selenium.chrome.ChromeDriver
Capabilities {acceptInsecureCerts: false, browserName: chrome, browserVersion: 92.0.4515.159, chrome: {chromedriverVersion: 92.0.4515.43 (8c61b7e2989f2..., userDataDir: C:\Users\LAURAA~1\AppData\L...}, goog:chromeOptions: {debuggerAddress: localhost:53522}, javascriptEnabled: true, networkConnectionEnabled: false, pageLoadStrategy: normal, platform: WINDOWS, platformName: WINDOWS, proxy: Proxy(), setWindowRect: true, strictFileInteractability: false, timeouts: {implicit: 0, pageLoad: 300000, script: 30000}, unhandledPromptBehavior: dismiss and notify, webauthn:extension:credBlob: true, webauthn:extension:largeBlob: true, webauthn:virtualAuthenticators: true}
Session ID: 985cb7eb9a8a9bdee7efa8f3c916fe29
*** Element info: {Using=xpath, value=/html/body/div[1]/div[2]/div/div[1]/div/div}
at java.base/jdk.internal.reflect.NativeConstructorAccessorImpl.newInstance0(Native Method)
at java.base/jdk.internal.reflect.NativeConstructorAccessorImpl.newInstance(NativeConstructorAccessorImpl.java:64)
at java.base/jdk.internal.reflect.DelegatingConstructorAccessorImpl.newInstance(DelegatingConstructorAccessorImpl.java:45)
at java.base/java.lang.reflect.Constructor.newInstanceWithCaller(Constructor.java:500)
at java.base/java.lang.reflect.Constructor.newInstance(Constructor.java:481)
at org.openqa.selenium.remote.http.W3CHttpResponseCodec.createException(W3CHttpResponseCodec.java:187)
at org.openqa.selenium.remote.http.W3CHttpResponseCodec.decode(W3CHttpResponseCodec.java:122)
at org.openqa.selenium.remote.http.W3CHttpResponseCodec.decode(W3CHttpResponseCodec.java:49)
at org.openqa.selenium.remote.HttpCommandExecutor.execute(HttpCommandExecutor.java:158)
at org.openqa.selenium.remote.service.DriverCommandExecutor.execute(DriverCommandExecutor.java:83)
at org.openqa.selenium.remote.RemoteWebDriver.execute(RemoteWebDriver.java:545)
at org.openqa.selenium.remote.RemoteWebDriver.findElement(RemoteWebDriver.java:319)
at org.openqa.selenium.remote.RemoteWebDriver.findElementByXPath(RemoteWebDriver.java:421)
at org.openqa.selenium.By$ByXPath.findElement(By.java:361)
at org.openqa.selenium.remote.RemoteWebDriver.findElement(RemoteWebDriver.java:311)
at test.Test_TiposDocumentos2.Script_0379(Test_TiposDocumentos2.java:519)
at java.base/jdk.internal.reflect.NativeMethodAccessorImpl.invoke0(Native Method)
at java.base/jdk.internal.reflect.NativeMethodAccessorImpl.invoke(NativeMethodAccessorImpl.java:64)
at java.base/jdk.internal.reflect.DelegatingMethodAccessorImpl.invoke(DelegatingMethodAccessorImpl.java:43)
at java.base/java.lang.reflect.Method.invoke(Method.java:564)
at org.testng.internal.MethodInvocationHelper.invokeMethod(MethodInvocationHelper.java:124)
at org.testng.internal.Invoker.invokeMethod(Invoker.java:580)
at org.testng.internal.Invoker.invokeTestMethod(Invoker.java:716)
at org.testng.internal.Invoker.invokeTestMethods(Invoker.java:988)
at org.testng.internal.TestMethodWorker.invokeTestMethods(TestMethodWorker.java:125)
at org.testng.internal.TestMethodWorker.run(TestMethodWorker.java:109)
at org.testng.TestRunner.privateRun(TestRunner.java:648)
at org.testng.TestRunner.run(TestRunner.java:505)
at org.testng.SuiteRunner.runTest(SuiteRunner.java:455)
at org.testng.SuiteRunner.runSequentially(SuiteRunner.java:450)
at org.testng.SuiteRunner.privateRun(SuiteRunner.java:415)
at org.testng.SuiteRunner.run(SuiteRunner.java:364)
at org.testng.SuiteRunnerWorker.runSuite(SuiteRunnerWorker.java:52)
at org.testng.SuiteRunnerWorker.run(SuiteRunnerWorker.java:84)
at org.testng.TestNG.runSuitesSequentially(TestNG.java:1208)
at org.testng.TestNG.runSuitesLocally(TestNG.java:1137)
at org.testng.TestNG.runSuites(TestNG.java:1049)
at org.testng.TestNG.run(TestNG.java:1017)
at org.testng.remote.AbstractRemoteTestNG.run(AbstractRemoteTestNG.java:115)
at org.testng.remote.RemoteTestNG.initAndRun(RemoteTestNG.java:251)
at org.testng.remote.RemoteTestNG.main(RemoteTestNG.java:77)
]]>
    </error>
  </testcase> <!-- Script_0379 -->
  <testcase classname="test.Test_TiposDocumentos2" name="Script_0529" time="89.491"/>
  <testcase classname="test.Test_TiposDocumentos2" name="Script_0526" time="79.153"/>
  <testcase classname="test.Test_TiposDocumentos2" name="Script_0404" time="88.598"/>
  <testcase classname="test.Test_TiposDocumentos2" name="Script_0439" time="123.610"/>
  <testcase classname="test.Test_TiposDocumentos2" name="Script_0444" time="64.473"/>
  <testcase classname="test.Test_TiposDocumentos2" name="Script_0371" time="55.639"/>
  <testcase classname="test.Test_TiposDocumentos2" name="Script_0438" time="124.505"/>
  <testcase classname="test.Test_TiposDocumentos2" name="Script_0476" time="67.347"/>
  <testcase classname="test.Test_TiposDocumentos2" name="Script_0374" time="136.477"/>
  <testcase classname="test.Test_TiposDocumentos2" name="Script_0413" time="118.234"/>
  <testcase classname="test.Test_TiposDocumentos2" name="Script_0401" time="72.185"/>
  <testcase classname="test.Test_TiposDocumentos2" name="Script_0400" time="68.740"/>
  <testcase classname="test.Test_TiposDocumentos2" name="Script_0403" time="82.636"/>
  <testcase classname="test.Test_TiposDocumentos2" name="Script_0426" time="123.104"/>
  <testcase classname="test.Test_TiposDocumentos2" name="Script_0537" time="127.151"/>
  <testcase classname="test.Test_TiposDocumentos2" name="Script_0499" time="124.311"/>
  <testcase classname="test.Test_TiposDocumentos2" name="Script_0448" time="124.127"/>
  <testcase classname="test.Test_TiposDocumentos2" name="Script_0432" time="123.189"/>
  <testcase classname="test.Test_TiposDocumentos2" name="Script_0386" time="54.752"/>
  <testcase classname="test.Test_TiposDocumentos2" name="Script_0398" time="68.032"/>
  <testcase classname="test.Test_TiposDocumentos2" name="Script_0468" time="70.509"/>
  <testcase classname="test.Test_TiposDocumentos2" name="Script_0384" time="54.493"/>
  <testcase classname="test.Test_TiposDocumentos2" name="Script_0396" time="68.220"/>
  <testcase classname="test.Test_TiposDocumentos2" name="Script_0484" time="89.261"/>
  <testcase classname="test.Test_TiposDocumentos2" name="Script_0467" time="70.643"/>
  <testcase classname="test.Test_TiposDocumentos2" name="Script_0428" time="122.801"/>
  <testcase classname="test.Test_TiposDocumentos2" name="Script_0445" time="73.453"/>
  <testcase classname="test.Test_TiposDocumentos2" name="Script_0415" time="91.025"/>
  <testcase classname="test.Test_TiposDocumentos2" name="Script_0494" time="92.787"/>
  <testcase classname="test.Test_TiposDocumentos2" name="Script_0430" time="122.176"/>
  <testcase classname="test.Test_TiposDocumentos2" name="Script_0465" time="66.473"/>
  <testcase classname="test.Test_TiposDocumentos2" name="Script_0535" time="91.484"/>
  <testcase classname="test.Test_TiposDocumentos2" name="Script_0390" time="65.137"/>
  <testcase classname="test.Test_TiposDocumentos2" name="Script_0391" time="89.063"/>
  <testcase classname="test.Test_TiposDocumentos2" name="Script_0424" time="123.866"/>
  <testcase classname="test.Test_TiposDocumentos2" name="Script_0542" time="69.766"/>
  <testcase classname="test.Test_TiposDocumentos2" name="Script_0447" time="89.825"/>
  <testcase classname="test.Test_TiposDocumentos2" name="Script_0417" time="92.149"/>
  <testcase classname="test.Test_TiposDocumentos2" name="Script_0416" time="119.942"/>
  <testcase classname="test.Test_TiposDocumentos2" name="Script_0412" time="118.630"/>
  <testcase classname="test.Test_TiposDocumentos2" name="Script_0497" time="89.698"/>
  <testcase classname="test.Test_TiposDocumentos2" name="Script_0530" time="123.848"/>
  <testcase classname="test.Test_TiposDocumentos2" name="Script_0486" time="98.666"/>
  <testcase classname="test.Test_TiposDocumentos2" name="Script_0503" time="123.671"/>
  <testcase classname="test.Test_TiposDocumentos2" name="Script_0478" time="68.846"/>
  <testcase classname="test.Test_TiposDocumentos2" name="Script_0520" time="125.132"/>
  <testcase classname="test.Test_TiposDocumentos2" name="Script_0425" time="124.627"/>
  <testcase classname="test.Test_TiposDocumentos2" name="Script_0524" time="65.020"/>
  <testcase classname="test.Test_TiposDocumentos2" name="Script_0511" time="126.214"/>
  <testcase classname="test.Test_TiposDocumentos2" name="Script_0536" time="89.816"/>
  <testcase classname="test.Test_TiposDocumentos2" name="Script_0505" time="123.699"/>
  <testcase classname="test.Test_TiposDocumentos2" name="Script_0472" time="86.501"/>
  <testcase classname="test.Test_TiposDocumentos2" name="Script_0541" time="94.001"/>
  <testcase classname="test.Test_TiposDocumentos2" name="Script_0466" time="66.083"/>
  <testcase classname="test.Test_TiposDocumentos2" name="Script_0539" time="99.927"/>
  <testcase classname="test.Test_TiposDocumentos2" name="Script_0457" time="125.006"/>
  <testcase classname="test.Test_TiposDocumentos2" name="Script_0399" time="64.652"/>
  <testcase classname="test.Test_TiposDocumentos2" name="Script_0419" time="122.456"/>
  <testcase classname="test.Test_TiposDocumentos2" name="Script_0380" time="66.253"/>
  <testcase classname="test.Test_TiposDocumentos2" name="Script_0395" time="66.747"/>
  <testcase classname="test.Test_TiposDocumentos2" name="Script_0385" time="54.374"/>
  <testcase classname="test.Test_TiposDocumentos2" name="Script_0392" time="60.662"/>
  <testcase classname="test.Test_TiposDocumentos2" name="Script_0456" time="103.551"/>
  <testcase classname="test.Test_TiposDocumentos2" name="Script_0387" time="55.029"/>
  <testcase classname="test.Test_TiposDocumentos2" name="Script_0440" time="123.384"/>
  <testcase classname="test.Test_TiposDocumentos2" name="Script_0507" time="124.460"/>
  <testcase classname="test.Test_TiposDocumentos2" name="Script_0512" time="124.713"/>
  <testcase classname="test.Test_TiposDocumentos2" name="Script_0533" time="62.985"/>
  <testcase classname="test.Test_TiposDocumentos2" name="Script_0473" time="60.239"/>
  <testcase classname="test.Test_TiposDocumentos2" name="Script_0504" time="123.232"/>
  <testcase classname="test.Test_TiposDocumentos2" name="Script_0402" time="77.498"/>
  <testcase classname="test.Test_TiposDocumentos2" name="Script_0480" time="71.720"/>
  <testcase classname="test.Test_TiposDocumentos2" name="Script_0488" time="101.570"/>
  <testcase classname="test.Test_TiposDocumentos2" name="Script_0538" time="80.863"/>
  <testcase classname="test.Test_TiposDocumentos2" name="Script_0481" time="70.060"/>
  <testcase classname="test.Test_TiposDocumentos2" name="Script_0449" time="138.392"/>
  <testcase classname="test.Test_TiposDocumentos2" name="Script_0455" time="100.484"/>
  <testcase classname="test.Test_TiposDocumentos2" name="Script_0493" time="116.309"/>
  <testcase classname="test.Test_TiposDocumentos2" name="Script_0482" time="75.145"/>
  <testcase classname="test.Test_TiposDocumentos2" name="Script_0498" time="121.306"/>
  <testcase classname="test.Test_TiposDocumentos2" name="Script_0469" time="70.188"/>
  <testcase classname="test.Test_TiposDocumentos2" name="Script_0372" time="134.851"/>
  <testcase classname="test.Test_TiposDocumentos2" name="Script_0525" time="72.682"/>
  <testcase classname="test.Test_TiposDocumentos2" name="Script_0522" time="124.608"/>
  <testcase classname="test.Test_TiposDocumentos2" name="Script_0454" time="95.535"/>
  <testcase classname="test.Test_TiposDocumentos2" name="Script_0437" time="122.883"/>
  <testcase classname="test.Test_TiposDocumentos2" name="Script_0534" time="121.230"/>
  <testcase classname="test.Test_TiposDocumentos2" name="Script_0452" time="104.065"/>
  <testcase classname="test.Test_TiposDocumentos2" name="Script_0471" time="78.957"/>
  <testcase classname="test.Test_TiposDocumentos2" name="Script_0496" time="118.702"/>
  <testcase classname="test.Test_TiposDocumentos2" name="Script_0521" time="124.971"/>
  <testcase classname="test.Test_TiposDocumentos2" name="Script_0477" time="67.415"/>
  <testcase classname="test.Test_TiposDocumentos2" name="Script_0479" time="65.957"/>
  <testcase classname="test.Test_TiposDocumentos2" name="Script_0483" time="83.001"/>
  <testcase classname="test.Test_TiposDocumentos2" name="Script_0394" time="72.194"/>
  <testcase classname="test.Test_TiposDocumentos2" name="Script_0517" time="125.144"/>
  <testcase classname="test.Test_TiposDocumentos2" name="Script_0376" time="63.599"/>
  <testcase classname="test.Test_TiposDocumentos2" name="Script_0414" time="93.965"/>
  <testcase classname="test.Test_TiposDocumentos2" name="Script_0423" time="125.789"/>
  <testcase classname="test.Test_TiposDocumentos2" name="Script_0518" time="124.849"/>
  <testcase classname="test.Test_TiposDocumentos2" name="Script_0422" time="124.526"/>
  <testcase classname="test.Test_TiposDocumentos2" name="Script_0373" time="138.273"/>
  <testcase classname="test.Test_TiposDocumentos2" name="Script_0487" time="102.992"/>
  <testcase classname="test.Test_TiposDocumentos2" name="Script_0442" time="124.319"/>
  <testcase classname="test.Test_TiposDocumentos2" name="Script_0464" time="70.207"/>
  <testcase classname="test.Test_TiposDocumentos2" name="Script_0508" time="123.099"/>
  <testcase classname="test.Test_TiposDocumentos2" name="Script_0502" time="123.190"/>
  <testcase classname="test.Test_TiposDocumentos2" name="Script_0489" time="98.354"/>
  <testcase classname="test.Test_TiposDocumentos2" name="Script_0528" time="124.125"/>
  <testcase classname="test.Test_TiposDocumentos2" name="Script_0460" time="76.208"/>
  <testcase classname="test.Test_TiposDocumentos2" name="Script_0495" time="86.660"/>
  <testcase classname="test.Test_TiposDocumentos2" name="Script_0377" time="69.744"/>
  <testcase classname="test.Test_TiposDocumentos2" name="Script_0441" time="124.685"/>
  <testcase classname="test.Test_TiposDocumentos2" name="Script_0429" time="122.940"/>
  <testcase classname="test.Test_TiposDocumentos2" name="Script_0409" time="100.484"/>
  <testcase classname="test.Test_TiposDocumentos2" name="Script_0490" time="100.241"/>
  <testcase classname="test.Test_TiposDocumentos2" name="Script_0446" time="78.152"/>
  <testcase classname="test.Test_TiposDocumentos2" name="Script_0527" time="89.501"/>
  <testcase classname="test.Test_TiposDocumentos2" name="Script_0492" time="115.710"/>
  <testcase classname="test.Test_TiposDocumentos2" name="Script_0388" time="58.839"/>
  <testcase classname="test.Test_TiposDocumentos2" name="Script_0461" time="187.955">
    <error message="no such element: Unable to locate element: {&quot;method&quot;:&quot;xpath&quot;,&quot;selector&quot;:&quot;/html/body/div[1]/div[2]/div/div[1]/div/div&quot;}
  (Session info: chrome=92.0.4515.159)
For documentation on this error, please visit: http://seleniumhq.org/exceptions/no_such_element.html
Build info: version: &#039;3.11.0&#039;, revision: &#039;e59cfb3&#039;, time: &#039;2018-03-11T20:26:55.152Z&#039;
System info: host: &#039;LAURAANDRADE&#039;, ip: &#039;172.16.8.137&#039;, os.name: &#039;Windows 10&#039;, os.arch: &#039;amd64&#039;, os.version: &#039;10.0&#039;, java.version: &#039;15.0.2&#039;
Driver info: org.openqa.selenium.chrome.ChromeDriver
Capabilities {acceptInsecureCerts: false, browserName: chrome, browserVersion: 92.0.4515.159, chrome: {chromedriverVersion: 92.0.4515.43 (8c61b7e2989f2..., userDataDir: C:\Users\LAURAA~1\AppData\L...}, goog:chromeOptions: {debuggerAddress: localhost:57470}, javascriptEnabled: true, networkConnectionEnabled: false, pageLoadStrategy: normal, platform: WINDOWS, platformName: WINDOWS, proxy: Proxy(), setWindowRect: true, strictFileInteractability: false, timeouts: {implicit: 0, pageLoad: 300000, script: 30000}, unhandledPromptBehavior: dismiss and notify, webauthn:extension:credBlob: true, webauthn:extension:largeBlob: true, webauthn:virtualAuthenticators: true}
Session ID: 7fd523d60b02e76c2ef7dd3b78855c51
*** Element info: {Using=xpath, value=/html/body/div[1]/div[2]/div/div[1]/div/div}" type="org.openqa.selenium.NoSuchElementException">
      <![CDATA[org.openqa.selenium.NoSuchElementException: no such element: Unable to locate element: {"method":"xpath","selector":"/html/body/div[1]/div[2]/div/div[1]/div/div"}
  (Session info: chrome=92.0.4515.159)
For documentation on this error, please visit: http://seleniumhq.org/exceptions/no_such_element.html
Build info: version: '3.11.0', revision: 'e59cfb3', time: '2018-03-11T20:26:55.152Z'
System info: host: 'LAURAANDRADE', ip: '172.16.8.137', os.name: 'Windows 10', os.arch: 'amd64', os.version: '10.0', java.version: '15.0.2'
Driver info: org.openqa.selenium.chrome.ChromeDriver
Capabilities {acceptInsecureCerts: false, browserName: chrome, browserVersion: 92.0.4515.159, chrome: {chromedriverVersion: 92.0.4515.43 (8c61b7e2989f2..., userDataDir: C:\Users\LAURAA~1\AppData\L...}, goog:chromeOptions: {debuggerAddress: localhost:57470}, javascriptEnabled: true, networkConnectionEnabled: false, pageLoadStrategy: normal, platform: WINDOWS, platformName: WINDOWS, proxy: Proxy(), setWindowRect: true, strictFileInteractability: false, timeouts: {implicit: 0, pageLoad: 300000, script: 30000}, unhandledPromptBehavior: dismiss and notify, webauthn:extension:credBlob: true, webauthn:extension:largeBlob: true, webauthn:virtualAuthenticators: true}
Session ID: 7fd523d60b02e76c2ef7dd3b78855c51
*** Element info: {Using=xpath, value=/html/body/div[1]/div[2]/div/div[1]/div/div}
at java.base/jdk.internal.reflect.NativeConstructorAccessorImpl.newInstance0(Native Method)
at java.base/jdk.internal.reflect.NativeConstructorAccessorImpl.newInstance(NativeConstructorAccessorImpl.java:64)
at java.base/jdk.internal.reflect.DelegatingConstructorAccessorImpl.newInstance(DelegatingConstructorAccessorImpl.java:45)
at java.base/java.lang.reflect.Constructor.newInstanceWithCaller(Constructor.java:500)
at java.base/java.lang.reflect.Constructor.newInstance(Constructor.java:481)
at org.openqa.selenium.remote.http.W3CHttpResponseCodec.createException(W3CHttpResponseCodec.java:187)
at org.openqa.selenium.remote.http.W3CHttpResponseCodec.decode(W3CHttpResponseCodec.java:122)
at org.openqa.selenium.remote.http.W3CHttpResponseCodec.decode(W3CHttpResponseCodec.java:49)
at org.openqa.selenium.remote.HttpCommandExecutor.execute(HttpCommandExecutor.java:158)
at org.openqa.selenium.remote.service.DriverCommandExecutor.execute(DriverCommandExecutor.java:83)
at org.openqa.selenium.remote.RemoteWebDriver.execute(RemoteWebDriver.java:545)
at org.openqa.selenium.remote.RemoteWebDriver.findElement(RemoteWebDriver.java:319)
at org.openqa.selenium.remote.RemoteWebDriver.findElementByXPath(RemoteWebDriver.java:421)
at org.openqa.selenium.By$ByXPath.findElement(By.java:361)
at org.openqa.selenium.remote.RemoteWebDriver.findElement(RemoteWebDriver.java:311)
at test.Test_TiposDocumentos2.Script_0461(Test_TiposDocumentos2.java:5329)
at java.base/jdk.internal.reflect.NativeMethodAccessorImpl.invoke0(Native Method)
at java.base/jdk.internal.reflect.NativeMethodAccessorImpl.invoke(NativeMethodAccessorImpl.java:64)
at java.base/jdk.internal.reflect.DelegatingMethodAccessorImpl.invoke(DelegatingMethodAccessorImpl.java:43)
at java.base/java.lang.reflect.Method.invoke(Method.java:564)
at org.testng.internal.MethodInvocationHelper.invokeMethod(MethodInvocationHelper.java:124)
at org.testng.internal.Invoker.invokeMethod(Invoker.java:580)
at org.testng.internal.Invoker.invokeTestMethod(Invoker.java:716)
at org.testng.internal.Invoker.invokeTestMethods(Invoker.java:988)
at org.testng.internal.TestMethodWorker.invokeTestMethods(TestMethodWorker.java:125)
at org.testng.internal.TestMethodWorker.run(TestMethodWorker.java:109)
at org.testng.TestRunner.privateRun(TestRunner.java:648)
at org.testng.TestRunner.run(TestRunner.java:505)
at org.testng.SuiteRunner.runTest(SuiteRunner.java:455)
at org.testng.SuiteRunner.runSequentially(SuiteRunner.java:450)
at org.testng.SuiteRunner.privateRun(SuiteRunner.java:415)
at org.testng.SuiteRunner.run(SuiteRunner.java:364)
at org.testng.SuiteRunnerWorker.runSuite(SuiteRunnerWorker.java:52)
at org.testng.SuiteRunnerWorker.run(SuiteRunnerWorker.java:84)
at org.testng.TestNG.runSuitesSequentially(TestNG.java:1208)
at org.testng.TestNG.runSuitesLocally(TestNG.java:1137)
at org.testng.TestNG.runSuites(TestNG.java:1049)
at org.testng.TestNG.run(TestNG.java:1017)
at org.testng.remote.AbstractRemoteTestNG.run(AbstractRemoteTestNG.java:115)
at org.testng.remote.RemoteTestNG.initAndRun(RemoteTestNG.java:251)
at org.testng.remote.RemoteTestNG.main(RemoteTestNG.java:77)
]]>
    </error>
  </testcase> <!-- Script_0461 -->
  <testcase classname="test.Test_TiposDocumentos2" name="Script_0531" time="124.780"/>
  <testcase classname="test.Test_TiposDocumentos2" name="Script_0406" time="100.642"/>
  <testcase classname="test.Test_TiposDocumentos2" name="Script_0475" time="69.443"/>
  <testcase classname="test.Test_TiposDocumentos2" name="Script_0427" time="122.149"/>
  <testcase classname="test.Test_TiposDocumentos2" name="Script_0459" time="94.505"/>
  <testcase classname="test.Test_TiposDocumentos2" name="Script_0532" time="124.329"/>
  <testcase classname="test.Test_TiposDocumentos2" name="Script_0410" time="98.026"/>
  <testcase classname="test.Test_TiposDocumentos2" name="Script_0383" time="55.540"/>
  <testcase classname="test.Test_TiposDocumentos2" name="Script_0509" time="124.187"/>
  <testcase classname="test.Test_TiposDocumentos2" name="Script_0405" time="91.630"/>
  <testcase classname="test.Test_TiposDocumentos2" name="Script_0506" time="123.315"/>
  <testcase classname="test.Test_TiposDocumentos2" name="Script_0485" time="88.987"/>
  <testcase classname="test.Test_TiposDocumentos2" name="Script_0418" time="121.608"/>
  <testcase classname="test.Test_TiposDocumentos2" name="Script_0450" time="125.512"/>
  <testcase classname="test.Test_TiposDocumentos2" name="Script_0408" time="101.523"/>
  <testcase classname="test.Test_TiposDocumentos2" name="Script_0543" time="93.383"/>
  <testcase classname="test.Test_TiposDocumentos2" name="Script_0397" time="68.026"/>
  <testcase classname="test.Test_TiposDocumentos2" name="Script_0453" time="94.560"/>
  <testcase classname="test.Test_TiposDocumentos2" name="Script_0389" time="58.723"/>
  <testcase classname="test.Test_TiposDocumentos2" name="Script_0407" time="100.404"/>
  <testcase classname="test.Test_TiposDocumentos2" name="Script_0470" time="69.644"/>
  <testcase classname="test.Test_TiposDocumentos2" name="Script_0431" time="122.916"/>
  <testcase classname="test.Test_TiposDocumentos2" name="Script_0491" time="88.019"/>
  <testcase classname="test.Test_TiposDocumentos2" name="Script_0519" time="123.582"/>
  <testcase classname="test.Test_TiposDocumentos2" name="Script_0411" time="86.230"/>
  <testcase classname="test.Test_TiposDocumentos2" name="Script_0510" time="125.176"/>
  <testcase classname="test.Test_TiposDocumentos2" name="Script_0381" time="74.315"/>
  <testcase classname="test.Test_TiposDocumentos2" name="Script_0451" time="62.432"/>
=======
<testsuite skipped="0" hostname="DESKTOP-LI3EA6Q" name="test.Test_TiposDocumentos2" tests="1" failures="0" timestamp="23 ago 2021 19:40:22 GMT" time="122.033" errors="0">
  <testcase name="Script_0516" time="122.033" classname="test.Test_TiposDocumentos2"/>
>>>>>>> 8fe6daa0f55d9f04a2a696d57e9e93db0a70c646
</testsuite> <!-- test.Test_TiposDocumentos2 -->
